Spark Command: /home/hadoop/app/jdk1.8.0_91/bin/java -cp /home/hadoop/app/spark-2.3.0-bin-2.6.0-cdh5.7.0/conf/:/home/hadoop/app/spark-2.3.0-bin-2.6.0-cdh5.7.0/jars/*:/home/hadoop/app/hadoop-2.6.0-cdh5.7.0/etc/hadoop/ -Xmx1g org.apache.spark.deploy.master.Master --host hadoop000 --port 7077 --webui-port 8080
========================================
19/03/01 10:30:20 INFO master.Master: Started daemon with process name: 50544@hadoop000
19/03/01 10:30:20 INFO util.SignalUtils: Registered signal handler for TERM
19/03/01 10:30:20 INFO util.SignalUtils: Registered signal handler for HUP
19/03/01 10:30:20 INFO util.SignalUtils: Registered signal handler for INT
19/03/01 10:30:20 WARN util.NativeCodeLoader: Unable to load native-hadoop library for your platform... using builtin-java classes where applicable
19/03/01 10:30:21 INFO spark.SecurityManager: Changing view acls to: hadoop
19/03/01 10:30:21 INFO spark.SecurityManager: Changing modify acls to: hadoop
19/03/01 10:30:21 INFO spark.SecurityManager: Changing view acls groups to: 
19/03/01 10:30:21 INFO spark.SecurityManager: Changing modify acls groups to: 
19/03/01 10:30:21 INFO spark.SecurityManager: SecurityManager: authentication disabled; ui acls disabled; users  with view permissions: Set(hadoop); groups with view permissions: Set(); users  with modify permissions: Set(hadoop); groups with modify permissions: Set()
19/03/01 10:30:22 INFO util.Utils: Successfully started service 'sparkMaster' on port 7077.
19/03/01 10:30:23 INFO master.Master: Starting Spark master at spark://hadoop000:7077
19/03/01 10:30:23 INFO master.Master: Running Spark version 2.3.0
19/03/01 10:30:23 INFO util.log: Logging initialized @4235ms
19/03/01 10:30:23 INFO server.Server: jetty-9.3.z-SNAPSHOT
19/03/01 10:30:23 INFO server.Server: Started @4422ms
19/03/01 10:30:23 INFO server.AbstractConnector: Started ServerConnector@35737a8a{HTTP/1.1,[http/1.1]}{0.0.0.0:8080}
19/03/01 10:30:23 INFO util.Utils: Successfully started service 'MasterUI' on port 8080.
19/03/01 10:30:24 INFO handler.ContextHandler: Started o.s.j.s.ServletContextHandler@3e0c2bd7{/app,null,AVAILABLE,@Spark}
19/03/01 10:30:24 INFO handler.ContextHandler: Started o.s.j.s.ServletContextHandler@3403f466{/app/json,null,AVAILABLE,@Spark}
19/03/01 10:30:24 INFO handler.ContextHandler: Started o.s.j.s.ServletContextHandler@4fe9d5a6{/,null,AVAILABLE,@Spark}
19/03/01 10:30:24 INFO handler.ContextHandler: Started o.s.j.s.ServletContextHandler@35f0c39{/json,null,AVAILABLE,@Spark}
19/03/01 10:30:24 INFO handler.ContextHandler: Started o.s.j.s.ServletContextHandler@28d478f0{/static,null,AVAILABLE,@Spark}
19/03/01 10:30:24 INFO handler.ContextHandler: Started o.s.j.s.ServletContextHandler@100244e5{/app/kill,null,AVAILABLE,@Spark}
19/03/01 10:30:24 INFO handler.ContextHandler: Started o.s.j.s.ServletContextHandler@b0fa8b2{/driver/kill,null,AVAILABLE,@Spark}
19/03/01 10:30:24 INFO ui.MasterWebUI: Bound MasterWebUI to 0.0.0.0, and started at http://hadoop000:8080
19/03/01 10:30:24 INFO server.Server: jetty-9.3.z-SNAPSHOT
19/03/01 10:30:24 INFO handler.ContextHandler: Started o.s.j.s.ServletContextHandler@4256951c{/,null,AVAILABLE}
19/03/01 10:30:24 INFO server.AbstractConnector: Started ServerConnector@2b592d13{HTTP/1.1,[http/1.1]}{hadoop000:6066}
19/03/01 10:30:24 INFO server.Server: Started @5224ms
19/03/01 10:30:24 INFO util.Utils: Successfully started service on port 6066.
19/03/01 10:30:24 INFO rest.StandaloneRestServer: Started REST server for submitting applications on port 6066
19/03/01 10:30:24 INFO handler.ContextHandler: Started o.s.j.s.ServletContextHandler@487653f{/metrics/master/json,null,AVAILABLE,@Spark}
19/03/01 10:30:24 INFO handler.ContextHandler: Started o.s.j.s.ServletContextHandler@10af39c7{/metrics/applications/json,null,AVAILABLE,@Spark}
19/03/01 10:30:24 INFO master.Master: I have been elected leader! New state: ALIVE
19/03/01 10:30:33 INFO master.Master: Registering worker 192.168.10.92:43269 with 2 cores, 2.7 GB RAM
