Spark Command: /home/hadoop/app/jdk1.8.0_91/bin/java -cp /home/hadoop/app/spark-2.3.0-bin-2.6.0-cdh5.7.0/conf/:/home/hadoop/app/spark-2.3.0-bin-2.6.0-cdh5.7.0/jars/*:/home/hadoop/app/hadoop-2.6.0-cdh5.7.0/etc/hadoop/ -Xmx1g org.apache.spark.deploy.worker.Worker --webui-port 8081 spark://hadoop000:7077
========================================
19/03/01 10:30:24 INFO worker.Worker: Started daemon with process name: 50621@hadoop000
19/03/01 10:30:24 INFO util.SignalUtils: Registered signal handler for TERM
19/03/01 10:30:24 INFO util.SignalUtils: Registered signal handler for HUP
19/03/01 10:30:24 INFO util.SignalUtils: Registered signal handler for INT
19/03/01 10:30:25 WARN util.NativeCodeLoader: Unable to load native-hadoop library for your platform... using builtin-java classes where applicable
19/03/01 10:30:25 INFO spark.SecurityManager: Changing view acls to: hadoop
19/03/01 10:30:25 INFO spark.SecurityManager: Changing modify acls to: hadoop
19/03/01 10:30:25 INFO spark.SecurityManager: Changing view acls groups to: 
19/03/01 10:30:25 INFO spark.SecurityManager: Changing modify acls groups to: 
19/03/01 10:30:25 INFO spark.SecurityManager: SecurityManager: authentication disabled; ui acls disabled; users  with view permissions: Set(hadoop); groups with view permissions: Set(); users  with modify permissions: Set(hadoop); groups with modify permissions: Set()
19/03/01 10:30:25 INFO util.Utils: Successfully started service 'sparkWorker' on port 43269.
19/03/01 10:30:27 INFO worker.Worker: Starting Spark worker 192.168.10.92:43269 with 2 cores, 2.7 GB RAM
19/03/01 10:30:27 INFO worker.Worker: Running Spark version 2.3.0
19/03/01 10:30:27 INFO worker.Worker: Spark home: /home/hadoop/app/spark-2.3.0-bin-2.6.0-cdh5.7.0
19/03/01 10:30:27 INFO util.log: Logging initialized @4686ms
19/03/01 10:30:27 INFO server.Server: jetty-9.3.z-SNAPSHOT
19/03/01 10:30:28 INFO server.Server: Started @5136ms
19/03/01 10:30:28 INFO server.AbstractConnector: Started ServerConnector@5c2de9e4{HTTP/1.1,[http/1.1]}{0.0.0.0:8081}
19/03/01 10:30:28 INFO util.Utils: Successfully started service 'WorkerUI' on port 8081.
19/03/01 10:30:29 INFO handler.ContextHandler: Started o.s.j.s.ServletContextHandler@27888a50{/logPage,null,AVAILABLE,@Spark}
19/03/01 10:30:29 INFO handler.ContextHandler: Started o.s.j.s.ServletContextHandler@112e6d84{/logPage/json,null,AVAILABLE,@Spark}
19/03/01 10:30:29 INFO handler.ContextHandler: Started o.s.j.s.ServletContextHandler@49dfbb36{/,null,AVAILABLE,@Spark}
19/03/01 10:30:29 INFO handler.ContextHandler: Started o.s.j.s.ServletContextHandler@6cd1d18f{/json,null,AVAILABLE,@Spark}
19/03/01 10:30:29 INFO handler.ContextHandler: Started o.s.j.s.ServletContextHandler@5863d128{/static,null,AVAILABLE,@Spark}
19/03/01 10:30:29 INFO handler.ContextHandler: Started o.s.j.s.ServletContextHandler@72b6199c{/log,null,AVAILABLE,@Spark}
19/03/01 10:30:29 INFO ui.WorkerWebUI: Bound WorkerWebUI to 0.0.0.0, and started at http://hadoop000:8081
19/03/01 10:30:29 INFO worker.Worker: Connecting to master hadoop000:7077...
19/03/01 10:30:29 INFO handler.ContextHandler: Started o.s.j.s.ServletContextHandler@42ca437e{/metrics/json,null,AVAILABLE,@Spark}
19/03/01 10:30:29 INFO client.TransportClientFactory: Successfully created connection to hadoop000/192.168.10.92:7077 after 207 ms (0 ms spent in bootstraps)
19/03/01 10:30:34 INFO worker.Worker: Successfully registered with master spark://hadoop000:7077
